<?xml version="1.0" encoding="UTF-8"?>
<!-- Generated by org.testng.reporters.JUnitReportReporter -->
<testsuite hostname="DESKTOP-G7UGTMV" failures="0" tests="1" name="testngpkg.Autoitfileuploading" time="4.216" errors="0" timestamp="2024-11-06T22:16:55 CST" skipped="0">
  <testcase classname="testngpkg.Autoitfileuploading" name="main" time="4.216"/>
  <system-out/>
</testsuite> <!-- testngpkg.Autoitfileuploading -->
