<?xml version="1.0" encoding="UTF-8"?>
<!-- Generated by org.testng.reporters.JUnitReportReporter -->
<testsuite hostname="DESKTOP-G7UGTMV" failures="0" tests="3" name="testngpkg.CrossBrowsertest" time="6.558" errors="0" timestamp="2024-11-18T10:44:07 CST" skipped="0">
  <testcase classname="testngpkg.CrossBrowsertest" name="test" time="2.551"/>
  <system-out/>
  <testcase classname="testngpkg.CrossBrowsertest" name="test" time="1.423"/>
  <system-out/>
  <testcase classname="testngpkg.CrossBrowsertest" name="test" time="2.584"/>
  <system-out/>
</testsuite> <!-- testngpkg.CrossBrowsertest -->
