<?xml version="1.0" encoding="UTF-8"?>
<!-- Generated by org.testng.reporters.JUnitReportReporter -->
<testsuite hostname="DESKTOP-G7UGTMV" failures="0" tests="1" name="testngpkg.Windowhandlingamazone" time="8.347" errors="0" timestamp="2024-11-06T15:04:10 CST" skipped="0">
  <testcase classname="testngpkg.Windowhandlingamazone" name="test1" time="8.347"/>
  <system-out/>
</testsuite> <!-- testngpkg.Windowhandlingamazone -->
