<?xml version="1.0" encoding="UTF-8"?>
<!-- Generated by org.testng.reporters.JUnitReportReporter -->
<testsuite hostname="DESKTOP-G7UGTMV" failures="0" tests="1" name="testngpkg.Windowhandling" time="4.897" errors="0" timestamp="2024-11-06T18:23:28 CST" skipped="0">
  <testcase classname="testngpkg.Windowhandling" name="test" time="4.897"/>
  <system-out/>
</testsuite> <!-- testngpkg.Windowhandling -->
