<?xml version="1.0" encoding="UTF-8"?>
<!-- Generated by org.testng.reporters.JUnitReportReporter -->
<testsuite hostname="DESKTOP-G7UGTMV" failures="0" tests="6" name="testngpkg.TestngDemo" time="0.032" errors="0" timestamp="2024-11-02T17:10:51 CST" skipped="1">
  <testcase classname="testngpkg.TestngDemo" name="test1" time="0.004"/>
  <system-out/>
  <testcase classname="testngpkg.TestngDemo" name="test1" time="0.004"/>
  <system-out/>
  <testcase classname="testngpkg.TestngDemo" name="test1" time="0.002"/>
  <system-out/>
  <testcase classname="testngpkg.TestngDemo" name="test4" time="0.018"/>
  <system-out/>
  <testcase classname="testngpkg.TestngDemo" name="test2" time="0.004"/>
  <system-out/>
  <testcase classname="testngpkg.TestngDemo" name="test3">
    <skipped/>
  </testcase> <!-- test3 -->
  <system-out/>
</testsuite> <!-- testngpkg.TestngDemo -->
