<?xml version="1.0" encoding="UTF-8"?>
<!-- Generated by org.testng.reporters.JUnitReportReporter -->
<testsuite hostname="DESKTOP-G7UGTMV" failures="0" tests="1" name="testngpkg.Datadrivenprgm$Facebook" time="6.709" errors="0" timestamp="2024-11-06T22:19:50 CST" skipped="0">
  <testcase classname="testngpkg.Datadrivenprgm$Facebook" name="test" time="6.709"/>
  <system-out/>
</testsuite> <!-- testngpkg.Datadrivenprgm$Facebook -->
