<?xml version="1.0" encoding="UTF-8"?>
<!-- Generated by org.testng.reporters.JUnitReportReporter -->
<testsuite hostname="DESKTOP-G7UGTMV" failures="0" tests="1" name="testngpkg.Fileuploaderrobotprgm" time="3.451" errors="0" timestamp="2024-11-06T22:21:20 CST" skipped="0">
  <testcase classname="testngpkg.Fileuploaderrobotprgm" name="test" time="3.451"/>
  <system-out/>
</testsuite> <!-- testngpkg.Fileuploaderrobotprgm -->
