<?xml version="1.0" encoding="UTF-8"?>
<!-- Generated by org.testng.reporters.JUnitReportReporter -->
<testsuite hostname="DESKTOP-G7UGTMV" failures="0" tests="1" name="testngpkg.Fileuploadersendkeys" time="0.425" errors="0" timestamp="2024-11-06T22:23:37 CST" skipped="0">
  <testcase classname="testngpkg.Fileuploadersendkeys" name="test" time="0.425"/>
  <system-out/>
</testsuite> <!-- testngpkg.Fileuploadersendkeys -->
