<?xml version="1.0" encoding="UTF-8"?>
<!-- Generated by org.testng.reporters.JUnitReportReporter -->
<testsuite hostname="DESKTOP-G7UGTMV" failures="0" tests="1" name="testngpkg.Parameterisation" time="0.022" errors="0" timestamp="2024-11-02T17:12:12 CST" skipped="0">
  <testcase classname="testngpkg.Parameterisation" name="test" time="0.022"/>
  <system-out/>
</testsuite> <!-- testngpkg.Parameterisation -->
