<?xml version="1.0" encoding="UTF-8"?>
<!-- Generated by org.testng.reporters.JUnitReportReporter -->
<testsuite hostname="DESKTOP-G7UGTMV" failures="0" tests="1" name="testngpkg.Copypaste" time="0.681" errors="0" timestamp="2024-11-03T15:52:04 CST" skipped="0">
  <testcase classname="testngpkg.Copypaste" name="test" time="0.681"/>
  <system-out/>
</testsuite> <!-- testngpkg.Copypaste -->
