<?xml version="1.0" encoding="UTF-8"?>
<!-- Generated by org.testng.reporters.JUnitReportReporter -->
<testsuite hostname="DESKTOP-G7UGTMV" failures="0" tests="1" name="testngpkg.DragandDrop" time="1.731" errors="0" timestamp="2024-11-03T16:13:13 CST" skipped="0">
  <testcase classname="testngpkg.DragandDrop" name="test" time="1.731"/>
  <system-out/>
</testsuite> <!-- testngpkg.DragandDrop -->
